<?xml version="1.0" encoding="UTF-8"?>
<testng-results skipped="0" failed="0" total="1" passed="1">
  <reporter-output>
  </reporter-output>
  <suite name="Command line suite" duration-ms="282" started-at="2020-03-02T11:38:38Z" finished-at="2020-03-02T11:38:38Z">
    <groups>
    </groups>
    <test name="Command line test" duration-ms="282" started-at="2020-03-02T11:38:38Z" finished-at="2020-03-02T11:38:38Z">
      <class name="thong.dq.controller.AppControllerTest">
        <test-method status="PASS" signature="setUp()[pri:0, instance:thong.dq.controller.AppControllerTest@13969fbe]" name="setUp" is-config="true" duration-ms="245" started-at="2020-03-02T18:38:38Z" finished-at="2020-03-02T18:38:38Z">
          <reporter-output>
          </reporter-output>
        </test-method> <!-- setUp -->
        <test-method status="PASS" signature="listUsers()[pri:0, instance:thong.dq.controller.AppControllerTest@13969fbe]" name="listUsers" duration-ms="29" started-at="2020-03-02T18:38:38Z" finished-at="2020-03-02T18:38:38Z">
          <reporter-output>
          </reporter-output>
        </test-method> <!-- listUsers -->
      </class> <!-- thong.dq.controller.AppControllerTest -->
    </test> <!-- Command line test -->
  </suite> <!-- Command line suite -->
</testng-results>
